<?xml version="1.0" encoding="UTF-8"?>
<!-- Generated by org.testng.reporters.JUnitXMLReporter -->
<testsuite hostname="Karthick" name="sample test3" tests="1" failures="0" timestamp="19 Dec 2017 16:34:29 GMT" time="0.023" errors="0">
  <testcase name="@BeforeTest setUp" time="0.0" classname="com.product.test.SearchArea">
    <failure type="org.testng.TestNGException" message="
Parameter &amp;apos;brows&amp;apos; is required by @Configuration on method setUp but has not been marked @Optional or defined
in E:\SeleniumAutomation\feb_batch\SwathiProject\SampleSuite.xml">
      <![CDATA[org.testng.TestNGException: 
Parameter 'brows' is required by @Configuration on method setUp but has not been marked @Optional or defined
in E:\SeleniumAutomation\feb_batch\SwathiProject\SampleSuite.xml
... Removed 19 stack frames]]>
    </failure>
  </testcase> <!-- @BeforeTest setUp -->
  <testcase name="searchProduct" time="0.006" classname="com.product.test.SearchArea">
    <skipped/>
  </testcase> <!-- searchProduct -->
</testsuite> <!-- sample test3 -->
